<?xml version="1.0" encoding="UTF-8"?>
<testng-results ignored="0" total="1" passed="1" failed="0" skipped="0">
  <reporter-output>
  </reporter-output>
  <suite started-at="2023-07-06T18:53:09 IST" name="Surefire suite" finished-at="2023-07-06T18:53:38 IST" duration-ms="28235">
    <groups>
    </groups>
    <test started-at="2023-07-06T18:53:09 IST" name="Surefire test" finished-at="2023-07-06T18:53:38 IST" duration-ms="28235">
      <class name="OrangeHRM.testCases.global.LoginTest">
        <test-method is-config="true" signature="launchBrowser()[pri:0, instance:OrangeHRM.testCases.global.LoginTest@3c9d0b9d]" started-at="2023-07-06T18:53:09 IST" name="launchBrowser" finished-at="2023-07-06T18:53:23 IST" duration-ms="13430" status="PASS">
          <reporter-output>
          </reporter-output>
        </test-method> <!-- launchBrowser -->
        <test-method signature="loginValidationTest()[pri:0, instance:OrangeHRM.testCases.global.LoginTest@3c9d0b9d]" started-at="2023-07-06T18:53:23 IST" name="loginValidationTest" finished-at="2023-07-06T18:53:26 IST" duration-ms="3129" status="PASS">
          <reporter-output>
          </reporter-output>
        </test-method> <!-- loginValidationTest -->
        <test-method is-config="true" signature="setShutdown()[pri:0, instance:OrangeHRM.testCases.global.LoginTest@3c9d0b9d]" started-at="2023-07-06T18:53:26 IST" name="setShutdown" finished-at="2023-07-06T18:53:38 IST" duration-ms="11582" status="PASS">
          <reporter-output>
          </reporter-output>
        </test-method> <!-- setShutdown -->
      </class> <!-- OrangeHRM.testCases.global.LoginTest -->
    </test> <!-- Surefire test -->
  </suite> <!-- Surefire suite -->
</testng-results>
